# JRE version: OpenJDK Runtime Environment (21.0.9) (build 21.0.9+-14649483-b1163.86)
# Java VM: OpenJDK 64-Bit Server VM (21.0.9+-14649483-b1163.86, mixed mode, tiered, compressed oops, compressed class ptrs, g1 gc, windows-amd64)
GC Precious Log:
 CardTable entry size: 512
 Card Set container configuration: InlinePtr #cards 5 size 8 Array Of Cards #cards 12 size 40 Howl #buckets 4 coarsen threshold 1843 Howl Bitmap #cards 512 size 80 coarsen threshold 460 Card regions per heap region 1 cards per card region 2048
 CPUs: 4 total, 4 available
 Memory: 16296M
 Large Page Support: Disabled
 NUMA Support: Disabled
 Compressed Oops: Enabled (32-bit)
 Heap Region Size: 1M
 Heap Min Capacity: 8M
 Heap Initial Capacity: 256M
 Heap Max Capacity: 2G
 Pre-touch: Disabled
 Parallel Workers: 4
 Concurrent Workers: 1
 Concurrent Refinement Workers: 4
 Periodic GC: Disabled
Heap:
 garbage-first heap   total 82944K, used 48905K [0x0000000080000000, 0x0000000100000000)
  region size 1024K, 20 young (20480K), 5 survivors (5120K)
 Metaspace       used 53435K, committed 54848K, reserved 1114112K
  class space    used 7478K, committed 8128K, reserved 1048576K
GC Heap History (20 events):
Event: 0.465 GC heap before
{Heap before GC invocations=0 (full 0):
 garbage-first heap   total 262144K, used 13312K [0x0000000080000000, 0x0000000100000000)
  region size 1024K, 13 young (13312K), 0 survivors (0K)
 Metaspace       used 7807K, committed 8000K, reserved 1114112K
  class space    used 737K, committed 832K, reserved 1048576K
}
Event: 0.468 GC heap after
{Heap after GC invocations=1 (full 0):
 garbage-first heap   total 262144K, used 1088K [0x0000000080000000, 0x0000000100000000)
  region size 1024K, 2 young (2048K), 2 survivors (2048K)
 Metaspace       used 7807K, committed 8000K, reserved 1114112K
  class space    used 737K, committed 832K, reserved 1048576K
}
Event: 0.764 GC heap before
{Heap before GC invocations=1 (full 0):
 garbage-first heap   total 262144K, used 27712K [0x0000000080000000, 0x0000000100000000)
  region size 1024K, 28 young (28672K), 2 survivors (2048K)
 Metaspace       used 8159K, committed 8320K, reserved 1114112K
  class space    used 756K, committed 832K, reserved 1048576K
}
Event: 0.766 GC heap after
{Heap after GC invocations=2 (full 0):
 garbage-first heap   total 262144K, used 1688K [0x0000000080000000, 0x0000000100000000)
  region size 1024K, 2 young (2048K), 2 survivors (2048K)
 Metaspace       used 8159K, committed 8320K, reserved 1114112K
  class space    used 756K, committed 832K, reserved 1048576K
}
Event: 3.178 GC heap before
{Heap before GC invocations=2 (full 0):
 garbage-first heap   total 262144K, used 161432K [0x0000000080000000, 0x0000000100000000)
  region size 1024K, 153 young (156672K), 2 survivors (2048K)
 Metaspace       used 17888K, committed 18176K, reserved 1114112K
  class space    used 2062K, committed 2176K, reserved 1048576K
}
Event: 3.187 GC heap after
{Heap after GC invocations=3 (full 0):
 garbage-first heap   total 262144K, used 19218K [0x0000000080000000, 0x0000000100000000)
  region size 1024K, 14 young (14336K), 14 survivors (14336K)
 Metaspace       used 17888K, committed 18176K, reserved 1114112K
  class space    used 2062K, committed 2176K, reserved 1048576K
}
Event: 3.486 GC heap before
{Heap before GC invocations=3 (full 0):
 garbage-first heap   total 262144K, used 32530K [0x0000000080000000, 0x0000000100000000)
  region size 1024K, 28 young (28672K), 14 survivors (14336K)
 Metaspace       used 21218K, committed 21504K, reserved 1114112K
  class space    used 2482K, committed 2624K, reserved 1048576K
}
Event: 3.494 GC heap after
{Heap after GC invocations=4 (full 0):
 garbage-first heap   total 262144K, used 21470K [0x0000000080000000, 0x0000000100000000)
  region size 1024K, 3 young (3072K), 3 survivors (3072K)
 Metaspace       used 21218K, committed 21504K, reserved 1114112K
  class space    used 2482K, committed 2624K, reserved 1048576K
}
Event: 4.847 GC heap before
{Heap before GC invocations=5 (full 0):
 garbage-first heap   total 75776K, used 73694K [0x0000000080000000, 0x0000000100000000)
  region size 1024K, 53 young (54272K), 3 survivors (3072K)
 Metaspace       used 29595K, committed 30144K, reserved 1114112K
  class space    used 3668K, committed 3904K, reserved 1048576K
}
Event: 4.853 GC heap after
{Heap after GC invocations=6 (full 0):
 garbage-first heap   total 79872K, used 23173K [0x0000000080000000, 0x0000000100000000)
  region size 1024K, 4 young (4096K), 4 survivors (4096K)
 Metaspace       used 29595K, committed 30144K, reserved 1114112K
  class space    used 3668K, committed 3904K, reserved 1048576K
}
Event: 5.826 GC heap before
{Heap before GC invocations=6 (full 0):
 garbage-first heap   total 79872K, used 65157K [0x0000000080000000, 0x0000000100000000)
  region size 1024K, 46 young (47104K), 4 survivors (4096K)
 Metaspace       used 35295K, committed 36032K, reserved 1114112K
  class space    used 4633K, committed 4992K, reserved 1048576K
}
Event: 5.832 GC heap after
{Heap after GC invocations=7 (full 0):
 garbage-first heap   total 79872K, used 26122K [0x0000000080000000, 0x0000000100000000)
  region size 1024K, 6 young (6144K), 6 survivors (6144K)
 Metaspace       used 35295K, committed 36032K, reserved 1114112K
  class space    used 4633K, committed 4992K, reserved 1048576K
}
Event: 5.840 GC heap before
{Heap before GC invocations=7 (full 0):
 garbage-first heap   total 79872K, used 26122K [0x0000000080000000, 0x0000000100000000)
  region size 1024K, 7 young (7168K), 6 survivors (6144K)
 Metaspace       used 35371K, committed 36096K, reserved 1114112K
  class space    used 4644K, committed 4992K, reserved 1048576K
}
Event: 5.846 GC heap after
{Heap after GC invocations=8 (full 0):
 garbage-first heap   total 79872K, used 26040K [0x0000000080000000, 0x0000000100000000)
  region size 1024K, 3 young (3072K), 3 survivors (3072K)
 Metaspace       used 35371K, committed 36096K, reserved 1114112K
  class space    used 4644K, committed 4992K, reserved 1048576K
}
Event: 6.996 GC heap before
{Heap before GC invocations=9 (full 0):
 garbage-first heap   total 79872K, used 69048K [0x0000000080000000, 0x0000000100000000)
  region size 1024K, 46 young (47104K), 3 survivors (3072K)
 Metaspace       used 41347K, committed 42304K, reserved 1114112K
  class space    used 5653K, committed 6080K, reserved 1048576K
}
Event: 7.001 GC heap after
{Heap after GC invocations=10 (full 0):
 garbage-first heap   total 79872K, used 28409K [0x0000000080000000, 0x0000000100000000)
  region size 1024K, 6 young (6144K), 6 survivors (6144K)
 Metaspace       used 41347K, committed 42304K, reserved 1114112K
  class space    used 5653K, committed 6080K, reserved 1048576K
}
Event: 7.616 GC heap before
{Heap before GC invocations=10 (full 0):
 garbage-first heap   total 79872K, used 68345K [0x0000000080000000, 0x0000000100000000)
  region size 1024K, 46 young (47104K), 6 survivors (6144K)
 Metaspace       used 47401K, committed 48576K, reserved 1114112K
  class space    used 6544K, committed 7104K, reserved 1048576K
}
Event: 7.624 GC heap after
{Heap after GC invocations=11 (full 0):
 garbage-first heap   total 79872K, used 31377K [0x0000000080000000, 0x0000000100000000)
  region size 1024K, 6 young (6144K), 6 survivors (6144K)
 Metaspace       used 47401K, committed 48576K, reserved 1114112K
  class space    used 6544K, committed 7104K, reserved 1048576K
}
Event: 8.192 GC heap before
{Heap before GC invocations=11 (full 0):
 garbage-first heap   total 79872K, used 71313K [0x0000000080000000, 0x0000000100000000)
  region size 1024K, 45 young (46080K), 6 survivors (6144K)
 Metaspace       used 51669K, committed 53056K, reserved 1114112K
  class space    used 7137K, committed 7808K, reserved 1048576K
}
Event: 8.200 GC heap after
{Heap after GC invocations=12 (full 0):
 garbage-first heap   total 82944K, used 35593K [0x0000000080000000, 0x0000000100000000)
  region size 1024K, 5 young (5120K), 5 survivors (5120K)
 Metaspace       used 51669K, committed 53056K, reserved 1114112K
  class space    used 7137K, committed 7808K, reserved 1048576K
}

